<?xml version="1.0" encoding="UTF-8"?>
<!-- Generated by org.testng.reporters.JUnitReportReporter -->
<testsuite hostname="BHARDWAJ" failures="0" tests="3" name="Practice.testNg.testNgTest1" time="0.011" errors="0" timestamp="2022-09-13T11:44:11 IST" skipped="0">
  <testcase classname="Practice.testNg.testNgTest1" name="testCase3" time="0.007"/>
  <system-out/>
  <testcase classname="Practice.testNg.testNgTest1" name="testCase1" time="0.002"/>
  <system-out/>
  <testcase classname="Practice.testNg.testNgTest1" name="testCase2" time="0.002"/>
  <system-out/>
</testsuite> <!-- Practice.testNg.testNgTest1 -->
